  char.c
C:\2020-2 C\2020-2-C\code\2020-2-C\code\ch10\Prj09\char.c(1,1): warning C4828: 파일에 0x8b 오프셋에서 시작하는 문자가 포함되어 있습니다. 이 문자는 현재 원본 문자 집합에서 잘못된 문자입니다(코드 페이지 65001).
C:\2020-2 C\2020-2-C\code\2020-2-C\code\ch10\Prj09\char.c(1,1): warning C4828: 파일에 0x8c 오프셋에서 시작하는 문자가 포함되어 있습니다. 이 문자는 현재 원본 문자 집합에서 잘못된 문자입니다(코드 페이지 65001).
C:\2020-2 C\2020-2-C\code\2020-2-C\code\ch10\Prj09\char.c(1,1): warning C4828: 파일에 0x90 오프셋에서 시작하는 문자가 포함되어 있습니다. 이 문자는 현재 원본 문자 집합에서 잘못된 문자입니다(코드 페이지 65001).
C:\2020-2 C\2020-2-C\code\2020-2-C\code\ch10\Prj09\char.c(1,1): warning C4828: 파일에 0x92 오프셋에서 시작하는 문자가 포함되어 있습니다. 이 문자는 현재 원본 문자 집합에서 잘못된 문자입니다(코드 페이지 65001).
C:\2020-2 C\2020-2-C\code\2020-2-C\code\ch10\Prj09\char.c(1,1): warning C4828: 파일에 0x93 오프셋에서 시작하는 문자가 포함되어 있습니다. 이 문자는 현재 원본 문자 집합에서 잘못된 문자입니다(코드 페이지 65001).
C:\2020-2 C\2020-2-C\code\2020-2-C\code\ch10\Prj09\char.c(1,1): warning C4828: 파일에 0x94 오프셋에서 시작하는 문자가 포함되어 있습니다. 이 문자는 현재 원본 문자 집합에서 잘못된 문자입니다(코드 페이지 65001).
C:\2020-2 C\2020-2-C\code\2020-2-C\code\ch10\Prj09\char.c(1,1): warning C4828: 파일에 0x95 오프셋에서 시작하는 문자가 포함되어 있습니다. 이 문자는 현재 원본 문자 집합에서 잘못된 문자입니다(코드 페이지 65001).
C:\2020-2 C\2020-2-C\code\2020-2-C\code\ch10\Prj09\char.c(1,1): warning C4828: 파일에 0x99 오프셋에서 시작하는 문자가 포함되어 있습니다. 이 문자는 현재 원본 문자 집합에서 잘못된 문자입니다(코드 페이지 65001).
C:\2020-2 C\2020-2-C\code\2020-2-C\code\ch10\Prj09\char.c(1,1): warning C4828: 파일에 0x9c 오프셋에서 시작하는 문자가 포함되어 있습니다. 이 문자는 현재 원본 문자 집합에서 잘못된 문자입니다(코드 페이지 65001).
C:\2020-2 C\2020-2-C\code\2020-2-C\code\ch10\Prj09\char.c(1,1): warning C4828: 파일에 0x9e 오프셋에서 시작하는 문자가 포함되어 있습니다. 이 문자는 현재 원본 문자 집합에서 잘못된 문자입니다(코드 페이지 65001).
C:\2020-2 C\2020-2-C\code\2020-2-C\code\ch10\Prj09\char.c(1,1): warning C4828: 파일에 0xa1 오프셋에서 시작하는 문자가 포함되어 있습니다. 이 문자는 현재 원본 문자 집합에서 잘못된 문자입니다(코드 페이지 65001).
C:\2020-2 C\2020-2-C\code\2020-2-C\code\ch10\Prj09\char.c(1,1): warning C4828: 파일에 0xa3 오프셋에서 시작하는 문자가 포함되어 있습니다. 이 문자는 현재 원본 문자 집합에서 잘못된 문자입니다(코드 페이지 65001).
C:\2020-2 C\2020-2-C\code\2020-2-C\code\ch10\Prj09\char.c(1,1): warning C4828: 파일에 0xa4 오프셋에서 시작하는 문자가 포함되어 있습니다. 이 문자는 현재 원본 문자 집합에서 잘못된 문자입니다(코드 페이지 65001).
C:\2020-2 C\2020-2-C\code\2020-2-C\code\ch10\Prj09\char.c(1,1): warning C4828: 파일에 0xa5 오프셋에서 시작하는 문자가 포함되어 있습니다. 이 문자는 현재 원본 문자 집합에서 잘못된 문자입니다(코드 페이지 65001).
C:\2020-2 C\2020-2-C\code\2020-2-C\code\ch10\Prj09\char.c(1,1): warning C4828: 파일에 0xa8 오프셋에서 시작하는 문자가 포함되어 있습니다. 이 문자는 현재 원본 문자 집합에서 잘못된 문자입니다(코드 페이지 65001).
C:\2020-2 C\2020-2-C\code\2020-2-C\code\ch10\Prj09\char.c(1,1): warning C4828: 파일에 0xaa 오프셋에서 시작하는 문자가 포함되어 있습니다. 이 문자는 현재 원본 문자 집합에서 잘못된 문자입니다(코드 페이지 65001).
C:\2020-2 C\2020-2-C\code\2020-2-C\code\ch10\Prj09\char.c(1,1): warning C4828: 파일에 0xad 오프셋에서 시작하는 문자가 포함되어 있습니다. 이 문자는 현재 원본 문자 집합에서 잘못된 문자입니다(코드 페이지 65001).
C:\2020-2 C\2020-2-C\code\2020-2-C\code\ch10\Prj09\char.c(1,1): warning C4828: 파일에 0xb1 오프셋에서 시작하는 문자가 포함되어 있습니다. 이 문자는 현재 원본 문자 집합에서 잘못된 문자입니다(코드 페이지 65001).
C:\2020-2 C\2020-2-C\code\2020-2-C\code\ch10\Prj09\char.c(1,1): warning C4828: 파일에 0xb2 오프셋에서 시작하는 문자가 포함되어 있습니다. 이 문자는 현재 원본 문자 집합에서 잘못된 문자입니다(코드 페이지 65001).
C:\2020-2 C\2020-2-C\code\2020-2-C\code\ch10\Prj09\char.c(1,1): warning C4828: 파일에 0xb3 오프셋에서 시작하는 문자가 포함되어 있습니다. 이 문자는 현재 원본 문자 집합에서 잘못된 문자입니다(코드 페이지 65001).
C:\2020-2 C\2020-2-C\code\2020-2-C\code\ch10\Prj09\char.c(1,1): warning C4828: 파일에 0xcd 오프셋에서 시작하는 문자가 포함되어 있습니다. 이 문자는 현재 원본 문자 집합에서 잘못된 문자입니다(코드 페이지 65001).
C:\2020-2 C\2020-2-C\code\2020-2-C\code\ch10\Prj09\char.c(1,1): warning C4828: 파일에 0xce 오프셋에서 시작하는 문자가 포함되어 있습니다. 이 문자는 현재 원본 문자 집합에서 잘못된 문자입니다(코드 페이지 65001).
C:\2020-2 C\2020-2-C\code\2020-2-C\code\ch10\Prj09\char.c(1,1): warning C4828: 파일에 0xcf 오프셋에서 시작하는 문자가 포함되어 있습니다. 이 문자는 현재 원본 문자 집합에서 잘못된 문자입니다(코드 페이지 65001).
C:\2020-2 C\2020-2-C\code\2020-2-C\code\ch10\Prj09\char.c(1,1): warning C4828: 파일에 0xd0 오프셋에서 시작하는 문자가 포함되어 있습니다. 이 문자는 현재 원본 문자 집합에서 잘못된 문자입니다(코드 페이지 65001).
C:\2020-2 C\2020-2-C\code\2020-2-C\code\ch10\Prj09\char.c(1,1): warning C4828: 파일에 0xd2 오프셋에서 시작하는 문자가 포함되어 있습니다. 이 문자는 현재 원본 문자 집합에서 잘못된 문자입니다(코드 페이지 65001).
C:\2020-2 C\2020-2-C\code\2020-2-C\code\ch10\Prj09\char.c(1,1): warning C4828: 파일에 0xd5 오프셋에서 시작하는 문자가 포함되어 있습니다. 이 문자는 현재 원본 문자 집합에서 잘못된 문자입니다(코드 페이지 65001).
C:\2020-2 C\2020-2-C\code\2020-2-C\code\ch10\Prj09\char.c(1,1): warning C4828: 파일에 0xd7 오프셋에서 시작하는 문자가 포함되어 있습니다. 이 문자는 현재 원본 문자 집합에서 잘못된 문자입니다(코드 페이지 65001).
C:\2020-2 C\2020-2-C\code\2020-2-C\code\ch10\Prj09\char.c(1,1): warning C4828: 파일에 0x144 오프셋에서 시작하는 문자가 포함되어 있습니다. 이 문자는 현재 원본 문자 집합에서 잘못된 문자입니다(코드 페이지 65001).
C:\2020-2 C\2020-2-C\code\2020-2-C\code\ch10\Prj09\char.c(1,1): warning C4828: 파일에 0x147 오프셋에서 시작하는 문자가 포함되어 있습니다. 이 문자는 현재 원본 문자 집합에서 잘못된 문자입니다(코드 페이지 65001).
C:\2020-2 C\2020-2-C\code\2020-2-C\code\ch10\Prj09\char.c(1,1): warning C4828: 파일에 0x1c7 오프셋에서 시작하는 문자가 포함되어 있습니다. 이 문자는 현재 원본 문자 집합에서 잘못된 문자입니다(코드 페이지 65001).
C:\2020-2 C\2020-2-C\code\2020-2-C\code\ch10\Prj09\char.c(1,1): warning C4828: 파일에 0x1ca 오프셋에서 시작하는 문자가 포함되어 있습니다. 이 문자는 현재 원본 문자 집합에서 잘못된 문자입니다(코드 페이지 65001).
C:\2020-2 C\2020-2-C\code\2020-2-C\code\ch10\Prj09\char.c(1,1): warning C4828: 파일에 0x1d1 오프셋에서 시작하는 문자가 포함되어 있습니다. 이 문자는 현재 원본 문자 집합에서 잘못된 문자입니다(코드 페이지 65001).
C:\2020-2 C\2020-2-C\code\2020-2-C\code\ch10\Prj09\char.c(1,1): warning C4828: 파일에 0x1d2 오프셋에서 시작하는 문자가 포함되어 있습니다. 이 문자는 현재 원본 문자 집합에서 잘못된 문자입니다(코드 페이지 65001).
C:\2020-2 C\2020-2-C\code\2020-2-C\code\ch10\Prj09\char.c(1,1): warning C4828: 파일에 0x202 오프셋에서 시작하는 문자가 포함되어 있습니다. 이 문자는 현재 원본 문자 집합에서 잘못된 문자입니다(코드 페이지 65001).
C:\2020-2 C\2020-2-C\code\2020-2-C\code\ch10\Prj09\char.c(1,1): warning C4828: 파일에 0x205 오프셋에서 시작하는 문자가 포함되어 있습니다. 이 문자는 현재 원본 문자 집합에서 잘못된 문자입니다(코드 페이지 65001).
C:\2020-2 C\2020-2-C\code\2020-2-C\code\ch10\Prj09\char.c(1,1): warning C4828: 파일에 0x20c 오프셋에서 시작하는 문자가 포함되어 있습니다. 이 문자는 현재 원본 문자 집합에서 잘못된 문자입니다(코드 페이지 65001).
C:\2020-2 C\2020-2-C\code\2020-2-C\code\ch10\Prj09\char.c(1,1): warning C4828: 파일에 0x20d 오프셋에서 시작하는 문자가 포함되어 있습니다. 이 문자는 현재 원본 문자 집합에서 잘못된 문자입니다(코드 페이지 65001).
C:\2020-2 C\2020-2-C\code\2020-2-C\code\ch10\Prj09\char.c(9,55): warning C4819: 현재 코드 페이지(0)에서 표시할 수 없는 문자가 파일에 들어 있습니다. 데이터가 손실되지 않게 하려면 해당 파일을 유니코드 형식으로 저장하십시오.
  Prj09.vcxproj -> C:\2020-2 C\2020-2-C\code\2020-2-C\code\ch10\Debug\Prj09.exe
